2016-12-03 15:56:50,419 [Worker-5] INFO  o.e.m.c.i.l.LifecycleMappingFactory - Using org.eclipse.m2e.jdt.JarLifecycleMapping lifecycle mapping for MavenProject: com.share:share1024-model:1.0.1 @ F:\软件开发学习\编程代码\workspace\share1024\share1024\share1024-model\pom.xml.
2016-12-03 15:56:50,685 [Worker-5] INFO  o.e.m.c.i.l.LifecycleMappingFactory - Using org.eclipse.m2e.jdt.JarLifecycleMapping lifecycle mapping for MavenProject: com.share:share1024-utils:1.0.1 @ F:\软件开发学习\编程代码\workspace\share1024\share1024\share1024-utils\pom.xml.
2016-12-03 15:56:50,780 [Worker-5] INFO  o.e.m.c.i.l.LifecycleMappingFactory - Using org.eclipse.m2e.jdt.JarLifecycleMapping lifecycle mapping for MavenProject: com.share:share1024-dao:1.0.1 @ F:\软件开发学习\编程代码\workspace\share1024\share1024\share1024-dao\pom.xml.
2016-12-03 15:56:51,268 [Worker-5] INFO  o.e.m.c.i.l.LifecycleMappingFactory - Using org.maven.ide.eclipse.wtp.WarLifecycleMapping lifecycle mapping for MavenProject: com.share:share1024-web:1.0.1 @ F:\软件开发学习\编程代码\workspace\share1024\share1024\share1024-web\pom.xml.
2016-12-03 15:56:51,627 [Worker-5] INFO  o.e.m.c.i.l.LifecycleMappingFactory - Using org.eclipse.m2e.jdt.JarLifecycleMapping lifecycle mapping for MavenProject: com.share:share1024-service:1.0.1 @ F:\软件开发学习\编程代码\workspace\share1024\share1024\share1024-service\pom.xml.
2016-12-03 15:56:57,747 [Worker-5] INFO  o.e.m.j.i.AbstractJavaProjectConfigurator - Adding source folder /share1024-utils/src/main/java
2016-12-03 15:56:57,748 [Worker-5] INFO  o.e.m.j.i.AbstractJavaProjectConfigurator - Adding resource folder /share1024-utils/src/main/resources
2016-12-03 15:56:57,749 [Worker-5] INFO  o.e.m.j.i.AbstractJavaProjectConfigurator - Adding source folder /share1024-utils/src/test/java
2016-12-03 15:56:57,749 [Worker-5] INFO  o.e.m.j.i.AbstractJavaProjectConfigurator - Adding resource folder /share1024-utils/src/test/resources
2016-12-03 15:56:57,750 [Worker-4] INFO  o.e.m.c.i.l.LifecycleMappingFactory - Using org.eclipse.m2e.jdt.JarLifecycleMapping lifecycle mapping for MavenProject: com.share:share1024-model:1.0.1 @ F:\软件开发学习\编程代码\workspace\share1024\share1024\share1024-model\pom.xml.
2016-12-03 15:56:57,946 [Worker-5] INFO  o.e.m.j.i.AbstractJavaProjectConfigurator - Adding source folder /share1024-model/src/main/java
2016-12-03 15:56:57,946 [Worker-5] INFO  o.e.m.j.i.AbstractJavaProjectConfigurator - Adding resource folder /share1024-model/src/main/resources
2016-12-03 15:56:57,947 [Worker-5] INFO  o.e.m.j.i.AbstractJavaProjectConfigurator - Adding source folder /share1024-model/src/test/java
2016-12-03 15:56:57,948 [Worker-5] INFO  o.e.m.j.i.AbstractJavaProjectConfigurator - Adding resource folder /share1024-model/src/test/resources
2016-12-03 15:56:57,959 [Worker-4] INFO  o.e.m.c.i.l.LifecycleMappingFactory - Using org.eclipse.m2e.jdt.JarLifecycleMapping lifecycle mapping for MavenProject: com.share:share1024-utils:1.0.1 @ F:\软件开发学习\编程代码\workspace\share1024\share1024\share1024-utils\pom.xml.
2016-12-03 15:56:58,108 [Worker-4] INFO  o.e.m.c.i.l.LifecycleMappingFactory - Using org.eclipse.m2e.jdt.JarLifecycleMapping lifecycle mapping for MavenProject: com.share:share1024-dao:1.0.1 @ F:\软件开发学习\编程代码\workspace\share1024\share1024\share1024-dao\pom.xml.
2016-12-03 15:56:58,108 [Worker-5] INFO  o.e.m.j.i.AbstractJavaProjectConfigurator - Adding source folder /share1024-dao/src/main/java
2016-12-03 15:56:58,109 [Worker-5] INFO  o.e.m.j.i.AbstractJavaProjectConfigurator - Resources folder /share1024-dao/src/main/resources overlaps with sources folder /share1024-dao/src/main/resources
2016-12-03 15:56:58,111 [Worker-5] INFO  o.e.m.j.i.AbstractJavaProjectConfigurator - Adding source folder /share1024-dao/src/test/java
2016-12-03 15:56:58,111 [Worker-5] INFO  o.e.m.j.i.AbstractJavaProjectConfigurator - Resources folder /share1024-dao/src/test/resources overlaps with sources folder /share1024-dao/src/test/resources
2016-12-03 15:57:00,016 [Worker-4] INFO  o.e.m.c.i.l.LifecycleMappingFactory - Using org.maven.ide.eclipse.wtp.WarLifecycleMapping lifecycle mapping for MavenProject: com.share:share1024-web:1.0.1 @ F:\软件开发学习\编程代码\workspace\share1024\share1024\share1024-web\pom.xml.
2016-12-03 15:57:00,191 [Worker-5] INFO  o.e.m.j.i.AbstractJavaProjectConfigurator - Adding source folder /share1024-service/src/main/java
2016-12-03 15:57:00,191 [Worker-5] INFO  o.e.m.j.i.AbstractJavaProjectConfigurator - Resources folder /share1024-service/src/main/resources overlaps with sources folder /share1024-service/src/main/resources
2016-12-03 15:57:00,193 [Worker-5] INFO  o.e.m.j.i.AbstractJavaProjectConfigurator - Adding source folder /share1024-service/src/test/java
2016-12-03 15:57:00,193 [Worker-5] INFO  o.e.m.j.i.AbstractJavaProjectConfigurator - Resources folder /share1024-service/src/test/resources overlaps with sources folder /share1024-service/src/test/resources
2016-12-03 15:57:00,452 [Worker-4] INFO  o.e.m.c.i.l.LifecycleMappingFactory - Using org.eclipse.m2e.jdt.JarLifecycleMapping lifecycle mapping for MavenProject: com.share:share1024-service:1.0.1 @ F:\软件开发学习\编程代码\workspace\share1024\share1024\share1024-service\pom.xml.
2016-12-03 15:57:00,470 [Worker-5] INFO  o.e.m.j.i.AbstractJavaProjectConfigurator - Adding source folder /share1024-web/src/main/java
2016-12-03 15:57:00,471 [Worker-5] INFO  o.e.m.j.i.AbstractJavaProjectConfigurator - Resources folder /share1024-web/src/main/resources overlaps with sources folder /share1024-web/src/main/resources
2016-12-03 15:57:00,472 [Worker-5] INFO  o.e.m.j.i.AbstractJavaProjectConfigurator - Adding source folder /share1024-web/src/test/java
2016-12-03 15:57:03,672 [Worker-5] INFO  o.e.m.c.i.p.ProjectConfigurationManager - Imported and configured 5 project(s) in 15 sec
2016-12-03 15:57:06,507 [Worker-4] INFO  o.e.m.c.i.l.LifecycleMappingFactory - Using org.eclipse.m2e.jdt.JarLifecycleMapping lifecycle mapping for MavenProject: com.share:share1024-model:1.0.1 @ F:\软件开发学习\编程代码\workspace\share1024\share1024\share1024-model\pom.xml.
2016-12-03 15:57:06,661 [Worker-4] INFO  o.e.m.c.i.embedder.EclipseLogger - Using 'UTF-8' encoding to copy filtered resources.
2016-12-03 15:57:06,670 [Worker-4] INFO  o.e.m.c.i.embedder.EclipseLogger - Copying 0 resource
2016-12-03 15:57:06,673 [Worker-4] INFO  o.e.m.c.i.embedder.EclipseLogger - Using 'UTF-8' encoding to copy filtered resources.
2016-12-03 15:57:06,673 [Worker-4] INFO  o.e.m.c.i.embedder.EclipseLogger - Copying 2 resources
2016-12-03 15:57:06,941 [Worker-4] INFO  o.e.m.c.i.l.LifecycleMappingFactory - Using org.eclipse.m2e.jdt.JarLifecycleMapping lifecycle mapping for MavenProject: com.share:share1024-dao:1.0.1 @ F:\软件开发学习\编程代码\workspace\share1024\share1024\share1024-dao\pom.xml.
2016-12-03 15:57:07,266 [Worker-4] INFO  o.e.m.c.i.embedder.EclipseLogger - Using 'UTF-8' encoding to copy filtered resources.
2016-12-03 15:57:07,267 [Worker-4] INFO  o.e.m.c.i.embedder.EclipseLogger - Copying 5 resources
2016-12-03 15:57:07,311 [Worker-4] INFO  o.e.m.c.i.embedder.EclipseLogger - Using 'UTF-8' encoding to copy filtered resources.
2016-12-03 15:57:07,312 [Worker-4] INFO  o.e.m.c.i.embedder.EclipseLogger - Copying 1 resource
2016-12-03 15:57:07,700 [Worker-4] INFO  o.e.m.c.i.embedder.EclipseLogger - Using 'UTF-8' encoding to copy filtered resources.
2016-12-03 15:57:07,701 [Worker-4] INFO  o.e.m.c.i.embedder.EclipseLogger - Copying 0 resource
2016-12-03 15:57:07,703 [Worker-4] INFO  o.e.m.c.i.embedder.EclipseLogger - Using 'UTF-8' encoding to copy filtered resources.
2016-12-03 15:57:07,704 [Worker-4] INFO  o.e.m.c.i.embedder.EclipseLogger - Copying 0 resource
2016-12-03 15:57:07,955 [Worker-4] INFO  o.e.m.c.i.l.LifecycleMappingFactory - Using org.eclipse.m2e.jdt.JarLifecycleMapping lifecycle mapping for MavenProject: com.share:share1024-service:1.0.1 @ F:\软件开发学习\编程代码\workspace\share1024\share1024\share1024-service\pom.xml.
2016-12-03 15:57:08,339 [Worker-4] INFO  o.e.m.c.i.embedder.EclipseLogger - Using 'UTF-8' encoding to copy filtered resources.
2016-12-03 15:57:08,340 [Worker-4] INFO  o.e.m.c.i.embedder.EclipseLogger - Copying 3 resources
2016-12-03 15:57:08,394 [Worker-4] INFO  o.e.m.c.i.embedder.EclipseLogger - Using 'UTF-8' encoding to copy filtered resources.
2016-12-03 15:57:08,394 [Worker-4] INFO  o.e.m.c.i.embedder.EclipseLogger - Copying 1 resource
2016-12-03 15:57:09,507 [Worker-4] INFO  o.e.m.c.i.l.LifecycleMappingFactory - Using org.maven.ide.eclipse.wtp.WarLifecycleMapping lifecycle mapping for MavenProject: com.share:share1024-web:1.0.1 @ F:\软件开发学习\编程代码\workspace\share1024\share1024\share1024-web\pom.xml.
2016-12-03 15:57:11,001 [Worker-4] INFO  o.e.m.c.i.embedder.EclipseLogger - Using 'UTF-8' encoding to copy filtered resources.
2016-12-03 15:57:11,001 [Worker-4] INFO  o.e.m.c.i.embedder.EclipseLogger - Copying 2 resources
2016-12-03 15:57:11,043 [Worker-4] INFO  o.e.m.c.i.embedder.EclipseLogger - Using 'UTF-8' encoding to copy filtered resources.
2016-12-03 15:57:11,043 [Worker-4] INFO  o.e.m.c.i.embedder.EclipseLogger - skip non existing resourceDirectory F:\软件开发学习\编程代码\workspace\share1024\share1024\share1024-web\src\test\resources
2016-12-03 15:58:12,007 [Worker-4] INFO  o.e.m.c.i.embedder.EclipseLogger - Using 'UTF-8' encoding to copy filtered resources.
2016-12-03 15:58:12,021 [Worker-4] INFO  o.e.m.c.i.embedder.EclipseLogger - Copying 0 resource
2016-12-03 15:58:12,025 [Worker-4] INFO  o.e.m.c.i.embedder.EclipseLogger - Using 'UTF-8' encoding to copy filtered resources.
2016-12-03 15:58:12,026 [Worker-4] INFO  o.e.m.c.i.embedder.EclipseLogger - Copying 2 resources
2016-12-03 15:58:13,238 [Worker-4] INFO  o.e.m.c.i.embedder.EclipseLogger - Using 'UTF-8' encoding to copy filtered resources.
2016-12-03 15:58:13,239 [Worker-4] INFO  o.e.m.c.i.embedder.EclipseLogger - Copying 5 resources
2016-12-03 15:58:13,241 [Worker-4] INFO  o.e.m.c.i.embedder.EclipseLogger - Using 'UTF-8' encoding to copy filtered resources.
2016-12-03 15:58:13,242 [Worker-4] INFO  o.e.m.c.i.embedder.EclipseLogger - Copying 1 resource
2016-12-03 15:58:14,679 [Worker-4] INFO  o.e.m.c.i.embedder.EclipseLogger - Using 'UTF-8' encoding to copy filtered resources.
2016-12-03 15:58:14,680 [Worker-4] INFO  o.e.m.c.i.embedder.EclipseLogger - Copying 0 resource
2016-12-03 15:58:14,683 [Worker-4] INFO  o.e.m.c.i.embedder.EclipseLogger - Using 'UTF-8' encoding to copy filtered resources.
2016-12-03 15:58:14,684 [Worker-4] INFO  o.e.m.c.i.embedder.EclipseLogger - Copying 0 resource
2016-12-03 15:58:15,153 [Worker-4] INFO  o.e.m.c.i.embedder.EclipseLogger - Using 'UTF-8' encoding to copy filtered resources.
2016-12-03 15:58:15,154 [Worker-4] INFO  o.e.m.c.i.embedder.EclipseLogger - Copying 3 resources
2016-12-03 15:58:15,156 [Worker-4] INFO  o.e.m.c.i.embedder.EclipseLogger - Using 'UTF-8' encoding to copy filtered resources.
2016-12-03 15:58:15,157 [Worker-4] INFO  o.e.m.c.i.embedder.EclipseLogger - Copying 1 resource
2016-12-03 15:58:16,297 [Worker-4] INFO  o.e.m.c.i.embedder.EclipseLogger - Using 'UTF-8' encoding to copy filtered resources.
2016-12-03 15:58:16,298 [Worker-4] INFO  o.e.m.c.i.embedder.EclipseLogger - Copying 2 resources
2016-12-03 15:58:16,301 [Worker-4] INFO  o.e.m.c.i.embedder.EclipseLogger - Using 'UTF-8' encoding to copy filtered resources.
2016-12-03 15:58:16,301 [Worker-4] INFO  o.e.m.c.i.embedder.EclipseLogger - skip non existing resourceDirectory F:\软件开发学习\编程代码\workspace\share1024\share1024\share1024-web\src\test\resources
